<?xml version="1.0" encoding="utf-8" ?>
<!DOCTYPE html PUBLIC "-//W3C//DTD XHTML 1.0 Strict//EN"
        "http://www.w3.org/TR/xhtml1/DTD/xhtml1-strict.dtd">
<html xmlns="http://www.w3.org/1999/xhtml" xml:lang="" lang="">
<head>
  <title>Test Results Report - Check Facebook2</title>
  <meta http-equiv="Content-Type" content="text/html;charset=utf-8" />
  <meta name="description" content="TestNG unit test results." />
  <link href="reportng.css" rel="stylesheet" type="text/css" />
    <script type="text/javascript" src="reportng.js"></script>
</head>
<body>
<h1>Check Facebook2</h1>
<p>
  Test duration: 30.617s
</p>



  <table class="resultsTable">
    <tr><th colspan="3" class="header failed">Failed Tests</th></tr>
          <tr>
        <td colspan="3" class="group">TestCases.Searchfriends</td>
      </tr>
            
<tr>
  <td class="method">
                  dologin
      </td>
  <td class="duration">
    10.542s
  </td>
  <td class="result">
        
          <i>Method arguments: </i><span class="arguments">"pankajakha@gmail.com", "swat92#"</span><br />
    
            <div class="testOutput">
                        Test Case : dologin---no such element: Unable to locate element: {"method":"xpath","selector":"//*[@id="email"]"}
  (Session info: chrome=83.0.4103.61)
For documentation on this error, please visit: https://www.seleniumhq.org/exceptions/no_such_element.html
Build info: version: '3.141.59', revision: 'e82be7d358', time: '2018-11-14T08:17:03'
System info: host: 'PANKAJPC', ip: '192.168.1.20', os.name: 'Windows 8.1', os.arch: 'amd64', os.version: '6.3', java.version: '1.8.0_144'
Driver info: org.openqa.selenium.chrome.ChromeDriver
Capabilities {acceptInsecureCerts: false, browserName: chrome, browserVersion: 83.0.4103.61, chrome: {chromedriverVersion: 83.0.4103.39 (ccbf011cb2d2b..., userDataDir: C:\Users\pankaj\AppData\Loc...}, goog:chromeOptions: {debuggerAddress: localhost:58161}, javascriptEnabled: true, networkConnectionEnabled: false, pageLoadStrategy: normal, platform: WINDOWS, platformName: WINDOWS, proxy: Proxy(), setWindowRect: true, strictFileInteractability: false, timeouts: {implicit: 0, pageLoad: 300000, script: 30000}, unhandledPromptBehavior: dismiss and notify, webauthn:virtualAuthenticators: true}
Session ID: b17d9a17a93bdf482e1f4cdef5e8eaf3
*** Element info: {Using=xpath, value=//*[@id="email"]}
                                <a target="_blank" href="C:\Users\pankaj\workspace\Pageobject\screenshot\dologin_Wed_Jun_03_10_43_08_IST_2020.jpg">Screenshot Captured</a>
                                <br>
                                <a target="_blank" href="C:\Users\pankaj\workspace\Pageobject\screenshot\dologin_Wed_Jun_03_10_43_08_IST_2020.jpg"><img src="C:\Users\pankaj\workspace\Pageobject\screenshot\dologin_Wed_Jun_03_10_43_08_IST_2020.jpg" height=400 width=400></a>
                  </div>
    

        <a href="javascript:toggleElement('exception-0', 'block')" title="Click to expand/collapse"><b>org.openqa.selenium.NoSuchElementException: no such element: Unable to locate element: {&quot;method&quot;:&quot;xpath&quot;,&quot;selector&quot;:&quot;//*[@id=&quot;email&quot;]&quot;}<br/>
&nbsp; (Session info: chrome=83.0.4103.61)<br/>
For documentation on this error, please visit: https://www.seleniumhq.org/exceptions/no_such_element.html<br/>
Build info: version: &apos;3.141.59&apos;, revision: &apos;e82be7d358&apos;, time: &apos;2018-11-14T08:17:03&apos;<br/>
System info: host: &apos;PANKAJPC&apos;, ip: &apos;192.168.1.20&apos;, os.name: &apos;Windows 8.1&apos;, os.arch: &apos;amd64&apos;, os.version: &apos;6.3&apos;, java.version: &apos;1.8.0_144&apos;<br/>
Driver info: org.openqa.selenium.chrome.ChromeDriver<br/>
Capabilities {acceptInsecureCerts: false, browserName: chrome, browserVersion: 83.0.4103.61, chrome: {chromedriverVersion: 83.0.4103.39 (ccbf011cb2d2b..., userDataDir: C:\Users\pankaj\AppData\Loc...}, goog:chromeOptions: {debuggerAddress: localhost:58161}, javascriptEnabled: true, networkConnectionEnabled: false, pageLoadStrategy: normal, platform: WINDOWS, platformName: WINDOWS, proxy: Proxy(), setWindowRect: true, strictFileInteractability: false, timeouts: {implicit: 0, pageLoad: 300000, script: 30000}, unhandledPromptBehavior: dismiss and notify, webauthn:virtualAuthenticators: true}<br/>
Session ID: b17d9a17a93bdf482e1f4cdef5e8eaf3<br/>
*** Element info: {Using=xpath, value=//*[@id=&quot;email&quot;]}</b></a><br />
    <div class="stackTrace" id="exception-0">
              sun.reflect.NativeConstructorAccessorImpl.newInstance0(Native Method)<br />
              sun.reflect.NativeConstructorAccessorImpl.newInstance(Unknown Source)<br />
              sun.reflect.DelegatingConstructorAccessorImpl.newInstance(Unknown Source)<br />
              java.lang.reflect.Constructor.newInstance(Unknown Source)<br />
              org.openqa.selenium.remote.http.W3CHttpResponseCodec.createException(W3CHttpResponseCodec.java:187)<br />
              org.openqa.selenium.remote.http.W3CHttpResponseCodec.decode(W3CHttpResponseCodec.java:122)<br />
              org.openqa.selenium.remote.http.W3CHttpResponseCodec.decode(W3CHttpResponseCodec.java:49)<br />
              org.openqa.selenium.remote.HttpCommandExecutor.execute(HttpCommandExecutor.java:158)<br />
              org.openqa.selenium.remote.service.DriverCommandExecutor.execute(DriverCommandExecutor.java:83)<br />
              org.openqa.selenium.remote.RemoteWebDriver.execute(RemoteWebDriver.java:552)<br />
              org.openqa.selenium.remote.RemoteWebDriver.findElement(RemoteWebDriver.java:323)<br />
              org.openqa.selenium.remote.RemoteWebDriver.findElementByXPath(RemoteWebDriver.java:428)<br />
              org.openqa.selenium.By$ByXPath.findElement(By.java:353)<br />
              org.openqa.selenium.remote.RemoteWebDriver.findElement(RemoteWebDriver.java:315)<br />
              Way2auto.Pageobject.page.type(page.java:117)<br />
              Way2auto.Pageobject.Loginpage.login(Loginpage.java:23)<br />
              TestCases.Searchfriends.dologin(Searchfriends.java:45)<br />
              sun.reflect.NativeMethodAccessorImpl.invoke0(Native Method)<br />
              sun.reflect.NativeMethodAccessorImpl.invoke(Unknown Source)<br />
              sun.reflect.DelegatingMethodAccessorImpl.invoke(Unknown Source)<br />
              java.lang.reflect.Method.invoke(Unknown Source)<br />
              org.testng.internal.MethodInvocationHelper.invokeMethod(MethodInvocationHelper.java:124)<br />
              org.testng.internal.Invoker.invokeMethod(Invoker.java:571)<br />
              org.testng.internal.Invoker.invokeTestMethod(Invoker.java:707)<br />
              org.testng.internal.Invoker.invokeTestMethods(Invoker.java:979)<br />
              org.testng.internal.TestMethodWorker.invokeTestMethods(TestMethodWorker.java:125)<br />
              org.testng.internal.TestMethodWorker.run(TestMethodWorker.java:109)<br />
              org.testng.TestRunner.privateRun(TestRunner.java:648)<br />
              org.testng.TestRunner.run(TestRunner.java:505)<br />
              org.testng.SuiteRunner.runTest(SuiteRunner.java:455)<br />
              org.testng.SuiteRunner.runSequentially(SuiteRunner.java:450)<br />
              org.testng.SuiteRunner.privateRun(SuiteRunner.java:415)<br />
              org.testng.SuiteRunner.run(SuiteRunner.java:364)<br />
              org.testng.SuiteRunnerWorker.runSuite(SuiteRunnerWorker.java:52)<br />
              org.testng.SuiteRunnerWorker.run(SuiteRunnerWorker.java:84)<br />
              org.testng.TestNG.runSuitesSequentially(TestNG.java:1187)<br />
              org.testng.TestNG.runSuitesLocally(TestNG.java:1116)<br />
              org.testng.TestNG.runSuites(TestNG.java:1028)<br />
              org.testng.TestNG.run(TestNG.java:996)<br />
              org.testng.remote.AbstractRemoteTestNG.run(AbstractRemoteTestNG.java:114)<br />
              org.testng.remote.RemoteTestNG.initAndRun(RemoteTestNG.java:251)<br />
              org.testng.remote.RemoteTestNG.main(RemoteTestNG.java:77)<br />
                </div>
      </td>
</tr>
<tr>
  <td class="method">
                  friends
      </td>
  <td class="duration">
    10.030s
  </td>
  <td class="result">
        
          <i>Method arguments: </i><span class="arguments">"par"</span><br />
    
            <div class="testOutput">
                        Test Case : friends---no such element: Unable to locate element: {"method":"xpath","selector":"//span/input[@type="text"][@class="inputtext"]"}
  (Session info: chrome=83.0.4103.61)
For documentation on this error, please visit: https://www.seleniumhq.org/exceptions/no_such_element.html
Build info: version: '3.141.59', revision: 'e82be7d358', time: '2018-11-14T08:17:03'
System info: host: 'PANKAJPC', ip: '192.168.1.20', os.name: 'Windows 8.1', os.arch: 'amd64', os.version: '6.3', java.version: '1.8.0_144'
Driver info: org.openqa.selenium.chrome.ChromeDriver
Capabilities {acceptInsecureCerts: false, browserName: chrome, browserVersion: 83.0.4103.61, chrome: {chromedriverVersion: 83.0.4103.39 (ccbf011cb2d2b..., userDataDir: C:\Users\pankaj\AppData\Loc...}, goog:chromeOptions: {debuggerAddress: localhost:58161}, javascriptEnabled: true, networkConnectionEnabled: false, pageLoadStrategy: normal, platform: WINDOWS, platformName: WINDOWS, proxy: Proxy(), setWindowRect: true, strictFileInteractability: false, timeouts: {implicit: 0, pageLoad: 300000, script: 30000}, unhandledPromptBehavior: dismiss and notify, webauthn:virtualAuthenticators: true}
Session ID: b17d9a17a93bdf482e1f4cdef5e8eaf3
*** Element info: {Using=xpath, value=//span/input[@type="text"][@class="inputtext"]}
                                <a target="_blank" href="C:\Users\pankaj\workspace\Pageobject\screenshot\friends_Wed_Jun_03_10_43_19_IST_2020.jpg">Screenshot Captured</a>
                                <br>
                                <a target="_blank" href="C:\Users\pankaj\workspace\Pageobject\screenshot\friends_Wed_Jun_03_10_43_19_IST_2020.jpg"><img src="C:\Users\pankaj\workspace\Pageobject\screenshot\friends_Wed_Jun_03_10_43_19_IST_2020.jpg" height=400 width=400></a>
                  </div>
    

        <a href="javascript:toggleElement('exception-1', 'block')" title="Click to expand/collapse"><b>org.openqa.selenium.NoSuchElementException: no such element: Unable to locate element: {&quot;method&quot;:&quot;xpath&quot;,&quot;selector&quot;:&quot;//span/input[@type=&quot;text&quot;][@class=&quot;inputtext&quot;]&quot;}<br/>
&nbsp; (Session info: chrome=83.0.4103.61)<br/>
For documentation on this error, please visit: https://www.seleniumhq.org/exceptions/no_such_element.html<br/>
Build info: version: &apos;3.141.59&apos;, revision: &apos;e82be7d358&apos;, time: &apos;2018-11-14T08:17:03&apos;<br/>
System info: host: &apos;PANKAJPC&apos;, ip: &apos;192.168.1.20&apos;, os.name: &apos;Windows 8.1&apos;, os.arch: &apos;amd64&apos;, os.version: &apos;6.3&apos;, java.version: &apos;1.8.0_144&apos;<br/>
Driver info: org.openqa.selenium.chrome.ChromeDriver<br/>
Capabilities {acceptInsecureCerts: false, browserName: chrome, browserVersion: 83.0.4103.61, chrome: {chromedriverVersion: 83.0.4103.39 (ccbf011cb2d2b..., userDataDir: C:\Users\pankaj\AppData\Loc...}, goog:chromeOptions: {debuggerAddress: localhost:58161}, javascriptEnabled: true, networkConnectionEnabled: false, pageLoadStrategy: normal, platform: WINDOWS, platformName: WINDOWS, proxy: Proxy(), setWindowRect: true, strictFileInteractability: false, timeouts: {implicit: 0, pageLoad: 300000, script: 30000}, unhandledPromptBehavior: dismiss and notify, webauthn:virtualAuthenticators: true}<br/>
Session ID: b17d9a17a93bdf482e1f4cdef5e8eaf3<br/>
*** Element info: {Using=xpath, value=//span/input[@type=&quot;text&quot;][@class=&quot;inputtext&quot;]}</b></a><br />
    <div class="stackTrace" id="exception-1">
              sun.reflect.NativeConstructorAccessorImpl.newInstance0(Native Method)<br />
              sun.reflect.NativeConstructorAccessorImpl.newInstance(Unknown Source)<br />
              sun.reflect.DelegatingConstructorAccessorImpl.newInstance(Unknown Source)<br />
              java.lang.reflect.Constructor.newInstance(Unknown Source)<br />
              org.openqa.selenium.remote.http.W3CHttpResponseCodec.createException(W3CHttpResponseCodec.java:187)<br />
              org.openqa.selenium.remote.http.W3CHttpResponseCodec.decode(W3CHttpResponseCodec.java:122)<br />
              org.openqa.selenium.remote.http.W3CHttpResponseCodec.decode(W3CHttpResponseCodec.java:49)<br />
              org.openqa.selenium.remote.HttpCommandExecutor.execute(HttpCommandExecutor.java:158)<br />
              org.openqa.selenium.remote.service.DriverCommandExecutor.execute(DriverCommandExecutor.java:83)<br />
              org.openqa.selenium.remote.RemoteWebDriver.execute(RemoteWebDriver.java:552)<br />
              org.openqa.selenium.remote.RemoteWebDriver.findElement(RemoteWebDriver.java:323)<br />
              org.openqa.selenium.remote.RemoteWebDriver.findElementByXPath(RemoteWebDriver.java:428)<br />
              org.openqa.selenium.By$ByXPath.findElement(By.java:353)<br />
              org.openqa.selenium.remote.RemoteWebDriver.findElement(RemoteWebDriver.java:315)<br />
              Way2auto.Pageobject.page.type(page.java:117)<br />
              Way2auto.Pageobject.ProfilePage.searchresults(ProfilePage.java:62)<br />
              TestCases.Searchfriends.friends(Searchfriends.java:22)<br />
              sun.reflect.NativeMethodAccessorImpl.invoke0(Native Method)<br />
              sun.reflect.NativeMethodAccessorImpl.invoke(Unknown Source)<br />
              sun.reflect.DelegatingMethodAccessorImpl.invoke(Unknown Source)<br />
              java.lang.reflect.Method.invoke(Unknown Source)<br />
              org.testng.internal.MethodInvocationHelper.invokeMethod(MethodInvocationHelper.java:124)<br />
              org.testng.internal.Invoker.invokeMethod(Invoker.java:571)<br />
              org.testng.internal.Invoker.invokeTestMethod(Invoker.java:707)<br />
              org.testng.internal.Invoker.invokeTestMethods(Invoker.java:979)<br />
              org.testng.internal.TestMethodWorker.invokeTestMethods(TestMethodWorker.java:125)<br />
              org.testng.internal.TestMethodWorker.run(TestMethodWorker.java:109)<br />
              org.testng.TestRunner.privateRun(TestRunner.java:648)<br />
              org.testng.TestRunner.run(TestRunner.java:505)<br />
              org.testng.SuiteRunner.runTest(SuiteRunner.java:455)<br />
              org.testng.SuiteRunner.runSequentially(SuiteRunner.java:450)<br />
              org.testng.SuiteRunner.privateRun(SuiteRunner.java:415)<br />
              org.testng.SuiteRunner.run(SuiteRunner.java:364)<br />
              org.testng.SuiteRunnerWorker.runSuite(SuiteRunnerWorker.java:52)<br />
              org.testng.SuiteRunnerWorker.run(SuiteRunnerWorker.java:84)<br />
              org.testng.TestNG.runSuitesSequentially(TestNG.java:1187)<br />
              org.testng.TestNG.runSuitesLocally(TestNG.java:1116)<br />
              org.testng.TestNG.runSuites(TestNG.java:1028)<br />
              org.testng.TestNG.run(TestNG.java:996)<br />
              org.testng.remote.AbstractRemoteTestNG.run(AbstractRemoteTestNG.java:114)<br />
              org.testng.remote.RemoteTestNG.initAndRun(RemoteTestNG.java:251)<br />
              org.testng.remote.RemoteTestNG.main(RemoteTestNG.java:77)<br />
                </div>
      </td>
</tr>
<tr>
  <td class="method">
                  friends
      </td>
  <td class="duration">
    10.045s
  </td>
  <td class="result">
        
          <i>Method arguments: </i><span class="arguments">"quw"</span><br />
    
            <div class="testOutput">
                        Test Case : friends---no such element: Unable to locate element: {"method":"xpath","selector":"//span/input[@type="text"][@class="inputtext"]"}
  (Session info: chrome=83.0.4103.61)
For documentation on this error, please visit: https://www.seleniumhq.org/exceptions/no_such_element.html
Build info: version: '3.141.59', revision: 'e82be7d358', time: '2018-11-14T08:17:03'
System info: host: 'PANKAJPC', ip: '192.168.1.20', os.name: 'Windows 8.1', os.arch: 'amd64', os.version: '6.3', java.version: '1.8.0_144'
Driver info: org.openqa.selenium.chrome.ChromeDriver
Capabilities {acceptInsecureCerts: false, browserName: chrome, browserVersion: 83.0.4103.61, chrome: {chromedriverVersion: 83.0.4103.39 (ccbf011cb2d2b..., userDataDir: C:\Users\pankaj\AppData\Loc...}, goog:chromeOptions: {debuggerAddress: localhost:58161}, javascriptEnabled: true, networkConnectionEnabled: false, pageLoadStrategy: normal, platform: WINDOWS, platformName: WINDOWS, proxy: Proxy(), setWindowRect: true, strictFileInteractability: false, timeouts: {implicit: 0, pageLoad: 300000, script: 30000}, unhandledPromptBehavior: dismiss and notify, webauthn:virtualAuthenticators: true}
Session ID: b17d9a17a93bdf482e1f4cdef5e8eaf3
*** Element info: {Using=xpath, value=//span/input[@type="text"][@class="inputtext"]}
                                <a target="_blank" href="C:\Users\pankaj\workspace\Pageobject\screenshot\friends_Wed_Jun_03_10_43_29_IST_2020.jpg">Screenshot Captured</a>
                                <br>
                                <a target="_blank" href="C:\Users\pankaj\workspace\Pageobject\screenshot\friends_Wed_Jun_03_10_43_29_IST_2020.jpg"><img src="C:\Users\pankaj\workspace\Pageobject\screenshot\friends_Wed_Jun_03_10_43_29_IST_2020.jpg" height=400 width=400></a>
                  </div>
    

        <a href="javascript:toggleElement('exception-2', 'block')" title="Click to expand/collapse"><b>org.openqa.selenium.NoSuchElementException: no such element: Unable to locate element: {&quot;method&quot;:&quot;xpath&quot;,&quot;selector&quot;:&quot;//span/input[@type=&quot;text&quot;][@class=&quot;inputtext&quot;]&quot;}<br/>
&nbsp; (Session info: chrome=83.0.4103.61)<br/>
For documentation on this error, please visit: https://www.seleniumhq.org/exceptions/no_such_element.html<br/>
Build info: version: &apos;3.141.59&apos;, revision: &apos;e82be7d358&apos;, time: &apos;2018-11-14T08:17:03&apos;<br/>
System info: host: &apos;PANKAJPC&apos;, ip: &apos;192.168.1.20&apos;, os.name: &apos;Windows 8.1&apos;, os.arch: &apos;amd64&apos;, os.version: &apos;6.3&apos;, java.version: &apos;1.8.0_144&apos;<br/>
Driver info: org.openqa.selenium.chrome.ChromeDriver<br/>
Capabilities {acceptInsecureCerts: false, browserName: chrome, browserVersion: 83.0.4103.61, chrome: {chromedriverVersion: 83.0.4103.39 (ccbf011cb2d2b..., userDataDir: C:\Users\pankaj\AppData\Loc...}, goog:chromeOptions: {debuggerAddress: localhost:58161}, javascriptEnabled: true, networkConnectionEnabled: false, pageLoadStrategy: normal, platform: WINDOWS, platformName: WINDOWS, proxy: Proxy(), setWindowRect: true, strictFileInteractability: false, timeouts: {implicit: 0, pageLoad: 300000, script: 30000}, unhandledPromptBehavior: dismiss and notify, webauthn:virtualAuthenticators: true}<br/>
Session ID: b17d9a17a93bdf482e1f4cdef5e8eaf3<br/>
*** Element info: {Using=xpath, value=//span/input[@type=&quot;text&quot;][@class=&quot;inputtext&quot;]}</b></a><br />
    <div class="stackTrace" id="exception-2">
              sun.reflect.NativeConstructorAccessorImpl.newInstance0(Native Method)<br />
              sun.reflect.NativeConstructorAccessorImpl.newInstance(Unknown Source)<br />
              sun.reflect.DelegatingConstructorAccessorImpl.newInstance(Unknown Source)<br />
              java.lang.reflect.Constructor.newInstance(Unknown Source)<br />
              org.openqa.selenium.remote.http.W3CHttpResponseCodec.createException(W3CHttpResponseCodec.java:187)<br />
              org.openqa.selenium.remote.http.W3CHttpResponseCodec.decode(W3CHttpResponseCodec.java:122)<br />
              org.openqa.selenium.remote.http.W3CHttpResponseCodec.decode(W3CHttpResponseCodec.java:49)<br />
              org.openqa.selenium.remote.HttpCommandExecutor.execute(HttpCommandExecutor.java:158)<br />
              org.openqa.selenium.remote.service.DriverCommandExecutor.execute(DriverCommandExecutor.java:83)<br />
              org.openqa.selenium.remote.RemoteWebDriver.execute(RemoteWebDriver.java:552)<br />
              org.openqa.selenium.remote.RemoteWebDriver.findElement(RemoteWebDriver.java:323)<br />
              org.openqa.selenium.remote.RemoteWebDriver.findElementByXPath(RemoteWebDriver.java:428)<br />
              org.openqa.selenium.By$ByXPath.findElement(By.java:353)<br />
              org.openqa.selenium.remote.RemoteWebDriver.findElement(RemoteWebDriver.java:315)<br />
              Way2auto.Pageobject.page.type(page.java:117)<br />
              Way2auto.Pageobject.ProfilePage.searchresults(ProfilePage.java:62)<br />
              TestCases.Searchfriends.friends(Searchfriends.java:22)<br />
              sun.reflect.NativeMethodAccessorImpl.invoke0(Native Method)<br />
              sun.reflect.NativeMethodAccessorImpl.invoke(Unknown Source)<br />
              sun.reflect.DelegatingMethodAccessorImpl.invoke(Unknown Source)<br />
              java.lang.reflect.Method.invoke(Unknown Source)<br />
              org.testng.internal.MethodInvocationHelper.invokeMethod(MethodInvocationHelper.java:124)<br />
              org.testng.internal.Invoker.invokeMethod(Invoker.java:571)<br />
              org.testng.internal.Invoker.invokeTestMethod(Invoker.java:707)<br />
              org.testng.internal.Invoker.invokeTestMethods(Invoker.java:979)<br />
              org.testng.internal.TestMethodWorker.invokeTestMethods(TestMethodWorker.java:125)<br />
              org.testng.internal.TestMethodWorker.run(TestMethodWorker.java:109)<br />
              org.testng.TestRunner.privateRun(TestRunner.java:648)<br />
              org.testng.TestRunner.run(TestRunner.java:505)<br />
              org.testng.SuiteRunner.runTest(SuiteRunner.java:455)<br />
              org.testng.SuiteRunner.runSequentially(SuiteRunner.java:450)<br />
              org.testng.SuiteRunner.privateRun(SuiteRunner.java:415)<br />
              org.testng.SuiteRunner.run(SuiteRunner.java:364)<br />
              org.testng.SuiteRunnerWorker.runSuite(SuiteRunnerWorker.java:52)<br />
              org.testng.SuiteRunnerWorker.run(SuiteRunnerWorker.java:84)<br />
              org.testng.TestNG.runSuitesSequentially(TestNG.java:1187)<br />
              org.testng.TestNG.runSuitesLocally(TestNG.java:1116)<br />
              org.testng.TestNG.runSuites(TestNG.java:1028)<br />
              org.testng.TestNG.run(TestNG.java:996)<br />
              org.testng.remote.AbstractRemoteTestNG.run(AbstractRemoteTestNG.java:114)<br />
              org.testng.remote.RemoteTestNG.initAndRun(RemoteTestNG.java:251)<br />
              org.testng.remote.RemoteTestNG.main(RemoteTestNG.java:77)<br />
                </div>
      </td>
</tr>
      </table>


  
</body>
</html>
