<?xml version="1.0" encoding="UTF-8"?>
<!-- Generated by org.testng.reporters.JUnitXMLReporter -->
<testsuite hostname="pankajpc" ignored="0" name="Check Facebook2" tests="3" failures="1" timestamp="04 Jun 2020 11:58:19 GMT" time="21.749" errors="0">
  <testcase name="dologin" time="8.24" classname="TestCases.Searchfriends"/>
  <testcase name="friends" time="2.537" classname="TestCases.Searchfriends"/>
  <testcase name="friends" time="10.232" classname="TestCases.Searchfriends">
    <failure type="java.lang.AssertionError" message="The following asserts failed:
	expected [true] but found [false]">
      <![CDATA[java.lang.AssertionError: The following asserts failed:expected [true] but found [false]at TestCases.Searchfriends.friends(Searchfriends.java:34)... Removed 29 stack frames]]>
    </failure>
  </testcase> <!-- friends -->
</testsuite> <!-- Check Facebook2 -->
