<?xml version="1.0" encoding="UTF-8"?>
<!-- Generated by org.testng.reporters.JUnitXMLReporter -->
<testsuite hostname="pankajpc" ignored="0" name="Check Facebook" tests="3" failures="1" timestamp="23 May 2020 14:21:06 GMT" time="37.776" errors="0">
  <testcase name="dologin" time="25.348" classname="TestCases.LoginTest"/>
  <testcase name="friends" time="1.491" classname="TestCases.Searchfriends"/>
  <testcase name="friends" time="10.237" classname="TestCases.Searchfriends">
    <failure type="java.lang.AssertionError" message="The following asserts failed:
	expected [true] but found [false]">
      <![CDATA[java.lang.AssertionError: The following asserts failed:expected [true] but found [false]at TestCases.Searchfriends.friends(Searchfriends.java:32)... Removed 26 stack frames]]>
    </failure>
  </testcase> <!-- friends -->
</testsuite> <!-- Check Facebook -->
