<?xml version="1.0" encoding="UTF-8"?>
<!-- Generated by org.testng.reporters.JUnitXMLReporter -->
<testsuite hostname="pankajpc" ignored="0" name="Check Facebook2" tests="3" failures="1" timestamp="04 Jun 2020 12:11:00 GMT" time="26.421" errors="0">
  <testcase name="dologin" time="13.861" classname="TestCases.Searchfriends"/>
  <testcase name="friends" time="1.464" classname="TestCases.Searchfriends"/>
  <testcase name="friends" time="10.251" classname="TestCases.Searchfriends">
    <failure type="java.lang.AssertionError" message="The following asserts failed:
	expected [true] but found [false]">
      <![CDATA[java.lang.AssertionError: The following asserts failed:expected [true] but found [false]at TestCases.Searchfriends.friends(Searchfriends.java:34)... Removed 26 stack frames]]>
    </failure>
  </testcase> <!-- friends -->
</testsuite> <!-- Check Facebook2 -->
