<!DOCTYPE html PUBLIC "-//W3C//DTD XHTML 1.1//EN" "http://www.w3.org/TR/xhtml11/DTD/xhtml11.dtd">
<html xmlns="http://www.w3.org/1999/xhtml">
<head>
<meta http-equiv="content-type" content="text/html; charset=UTF-8"/>
<title>TestNG Report</title>
<style type="text/css">table {margin-bottom:10px;border-collapse:collapse;empty-cells:show}th,td {border:1px solid #009;padding:.25em .5em}th {vertical-align:bottom}td {vertical-align:top}table a {font-weight:bold}.stripe td {background-color: #E6EBF9}.num {text-align:right}.passedodd td {background-color: #3F3}.passedeven td {background-color: #0A0}.skippedodd td {background-color: #DDD}.skippedeven td {background-color: #CCC}.failedodd td,.attn {background-color: #F33}.failedeven td,.stripe .attn {background-color: #D00}.stacktrace {white-space:pre;font-family:monospace}.totop {font-size:85%;text-align:center;border-bottom:2px solid #000}.invisible {display:none}</style>
</head>
<body>
<table>
<tr><th>Test</th><th># Passed</th><th># Skipped</th><th># Failed</th><th>Time (ms)</th><th>Included Groups</th><th>Excluded Groups</th></tr>
<tr><th colspan="7">Facebook Test</th></tr>
<tr><td><a href="#t0">Check Facebook1</a></td><td class="num">1</td><td class="num attn">1</td><td class="num">0</td><td class="num">25,298</td><td></td><td></td></tr>
<tr class="stripe"><td><a href="#t1">Check Facebook2</a></td><td class="num">2</td><td class="num">0</td><td class="num attn">1</td><td class="num">21,749</td><td></td><td></td></tr>
<tr><th>Total</th><th class="num">3</th><th class="num attn">1</th><th class="num attn">1</th><th class="num">47,047</th><th colspan="2"></th></tr>
</table>
<table id='summary'><thead><tr><th>Class</th><th>Method</th><th>Start</th><th>Time (ms)</th></tr></thead><tbody><tr><th colspan="4">Facebook Test</th></tr></tbody><tbody id="t0"><tr><th colspan="4">Check Facebook1 &#8212; skipped</th></tr><tr class="skippedeven"><td rowspan="1">TestCases.LoginTest</td><td><a href="#m0">dologin</a></td><td rowspan="1">1591271877483</td><td rowspan="1">0</td></tr><tr><th colspan="4">Check Facebook1 &#8212; passed</th></tr><tr class="passedeven"><td rowspan="1">TestCases.LoginTest</td><td><a href="#m1">dologin</a></td><td rowspan="1">1591271852261</td><td rowspan="1">25220</td></tr></tbody>
<tbody id="t1"><tr><th colspan="4">Check Facebook2 &#8212; failed</th></tr><tr class="failedeven"><td rowspan="1">TestCases.Searchfriends</td><td><a href="#m2">friends</a></td><td rowspan="1">1591271888345</td><td rowspan="1">10232</td></tr><tr><th colspan="4">Check Facebook2 &#8212; passed</th></tr><tr class="passedeven"><td rowspan="2">TestCases.Searchfriends</td><td><a href="#m3">dologin</a></td><td rowspan="1">1591271877564</td><td rowspan="1">8240</td></tr><tr class="passedeven"><td><a href="#m4">friends</a></td><td rowspan="1">1591271885807</td><td rowspan="1">2537</td></tr></tbody>
</table>
<h2>Check Facebook1</h2><h3 id="m0">TestCases.LoginTest#dologin</h3><table class="result"><tr class="param"><th>Parameter #1</th><th>Parameter #2</th><th>Parameter #3</th></tr><tr class="param stripe"><td>nitsysharma03@gmail.com</td><td>7097097.0</td><td>N</td></tr><tr><th colspan="3">Exception</th></tr><tr><td colspan="3"><div class="stacktrace">org.testng.SkipException: Skipping this exception
	at TestCases.LoginTest.dologin(LoginTest.java:41)
... Removed 28 stack frames</div></td></tr></table><p class="totop"><a href="#summary">back to summary</a></p>
<h3 id="m1">TestCases.LoginTest#dologin</h3><table class="result"><tr class="param"><th>Parameter #1</th><th>Parameter #2</th><th>Parameter #3</th></tr><tr class="param stripe"><td>pankajakha@gmail.com</td><td>swat92#</td><td>Y</td></tr></table><p class="totop"><a href="#summary">back to summary</a></p>
<h2>Check Facebook2</h2><h3 id="m2">TestCases.Searchfriends#friends</h3><table class="result"><tr class="param"><th>Parameter #1</th></tr><tr class="param stripe"><td>quw</td></tr><tr><th>Messages</th></tr><tr><td><div class="messages">Test Case : friends---The following asserts failed:
	expected [true] but found [false]<br/><a target="_blank" href="C:\Users\pankaj\workspace\Pageobject\screenshot\friends_Thu_Jun_04_17_28_18_IST_2020.jpg">Screenshot Captured</a><br/><br><br/><a target="_blank" href="C:\Users\pankaj\workspace\Pageobject\screenshot\friends_Thu_Jun_04_17_28_18_IST_2020.jpg"><img src="C:\Users\pankaj\workspace\Pageobject\screenshot\friends_Thu_Jun_04_17_28_18_IST_2020.jpg" height=400 width=400></a></div></td></tr><tr><th>Exception</th></tr><tr><td><div class="stacktrace">java.lang.AssertionError: The following asserts failed:
	expected [true] but found [false]
	at TestCases.Searchfriends.friends(Searchfriends.java:34)
... Removed 29 stack frames</div></td></tr></table><p class="totop"><a href="#summary">back to summary</a></p>
<h3 id="m3">TestCases.Searchfriends#dologin</h3><table class="result"><tr class="param"><th>Parameter #1</th><th>Parameter #2</th></tr><tr class="param stripe"><td>pankajakha@gmail.com</td><td>swat92#</td></tr></table><p class="totop"><a href="#summary">back to summary</a></p>
<h3 id="m4">TestCases.Searchfriends#friends</h3><table class="result"><tr class="param"><th>Parameter #1</th></tr><tr class="param stripe"><td>par</td></tr></table><p class="totop"><a href="#summary">back to summary</a></p>
</body>
</html>
