<?xml version="1.0" encoding="UTF-8"?>
<testng-results skipped="1" failed="1" ignored="0" total="5" passed="3">
  <reporter-output>
    <line>
      <![CDATA[Test Case : friends---The following asserts failed:expected [true] but found [false]]]>
    </line>
    <line>
      <![CDATA[<a target="_blank" href="C:\Users\pankaj\workspace\Pageobject\screenshot\friends_Thu_Jun_04_17_28_18_IST_2020.jpg">Screenshot Captured</a>]]>
    </line>
    <line>
      <![CDATA[<br>]]>
    </line>
    <line>
      <![CDATA[<a target="_blank" href="C:\Users\pankaj\workspace\Pageobject\screenshot\friends_Thu_Jun_04_17_28_18_IST_2020.jpg"><img src="C:\Users\pankaj\workspace\Pageobject\screenshot\friends_Thu_Jun_04_17_28_18_IST_2020.jpg" height=400 width=400></a>]]>
    </line>
  </reporter-output>
  <suite name="Facebook Test" duration-ms="47121" started-at="2020-06-04T11:57:32Z" finished-at="2020-06-04T11:58:19Z">
    <groups>
    </groups>
    <test name="Check Facebook1" duration-ms="25298" started-at="2020-06-04T11:57:32Z" finished-at="2020-06-04T11:57:57Z">
      <class name="TestCases.LoginTest">
        <test-method status="PASS" signature="dologin(java.lang.String, java.lang.String, java.lang.String)[pri:0, instance:TestCases.LoginTest@10683d9d]" name="dologin" duration-ms="25220" started-at="2020-06-04T17:27:32Z" data-provider="getdata" finished-at="2020-06-04T17:27:57Z">
          <params>
            <param index="0">
              <value>
                <![CDATA[pankajakha@gmail.com]]>
              </value>
            </param>
            <param index="1">
              <value>
                <![CDATA[swat92#]]>
              </value>
            </param>
            <param index="2">
              <value>
                <![CDATA[Y]]>
              </value>
            </param>
          </params>
          <reporter-output>
          </reporter-output>
        </test-method> <!-- dologin -->
        <test-method status="SKIP" signature="dologin(java.lang.String, java.lang.String, java.lang.String)[pri:0, instance:TestCases.LoginTest@10683d9d]" name="dologin" duration-ms="0" started-at="2020-06-04T17:27:57Z" data-provider="getdata" finished-at="2020-06-04T17:27:57Z">
          <params>
            <param index="0">
              <value>
                <![CDATA[nitsysharma03@gmail.com]]>
              </value>
            </param>
            <param index="1">
              <value>
                <![CDATA[7097097.0]]>
              </value>
            </param>
            <param index="2">
              <value>
                <![CDATA[N]]>
              </value>
            </param>
          </params>
          <exception class="org.testng.SkipException">
            <message>
              <![CDATA[Skipping this exception]]>
            </message>
            <full-stacktrace>
              <![CDATA[org.testng.SkipException: Skipping this exceptionat TestCases.LoginTest.dologin(LoginTest.java:41)at sun.reflect.NativeMethodAccessorImpl.invoke0(Native Method)at sun.reflect.NativeMethodAccessorImpl.invoke(NativeMethodAccessorImpl.java:62)at sun.reflect.DelegatingMethodAccessorImpl.invoke(DelegatingMethodAccessorImpl.java:43)at java.lang.reflect.Method.invoke(Method.java:498)at org.testng.internal.MethodInvocationHelper.invokeMethod(MethodInvocationHelper.java:124)at org.testng.internal.Invoker.invokeMethod(Invoker.java:571)at org.testng.internal.Invoker.invokeTestMethod(Invoker.java:707)at org.testng.internal.Invoker.invokeTestMethods(Invoker.java:979)at org.testng.internal.TestMethodWorker.invokeTestMethods(TestMethodWorker.java:125)at org.testng.internal.TestMethodWorker.run(TestMethodWorker.java:109)at org.testng.TestRunner.privateRun(TestRunner.java:648)at org.testng.TestRunner.run(TestRunner.java:505)at org.testng.SuiteRunner.runTest(SuiteRunner.java:455)at org.testng.SuiteRunner.runSequentially(SuiteRunner.java:450)at org.testng.SuiteRunner.privateRun(SuiteRunner.java:415)at org.testng.SuiteRunner.run(SuiteRunner.java:364)at org.testng.SuiteRunnerWorker.runSuite(SuiteRunnerWorker.java:52)at org.testng.SuiteRunnerWorker.run(SuiteRunnerWorker.java:84)at org.testng.TestNG.runSuitesSequentially(TestNG.java:1187)at org.testng.TestNG.runSuitesLocally(TestNG.java:1116)at org.testng.TestNG.runSuites(TestNG.java:1028)at org.testng.TestNG.run(TestNG.java:996)at org.apache.maven.surefire.testng.TestNGExecutor.run(TestNGExecutor.java:295)at org.apache.maven.surefire.testng.TestNGXmlTestSuite.execute(TestNGXmlTestSuite.java:84)at org.apache.maven.surefire.testng.TestNGProvider.invoke(TestNGProvider.java:90)at org.apache.maven.surefire.booter.ForkedBooter.invokeProviderInSameClassLoader(ForkedBooter.java:203)at org.apache.maven.surefire.booter.ForkedBooter.runSuitesInProcess(ForkedBooter.java:155)at org.apache.maven.surefire.booter.ForkedBooter.main(ForkedBooter.java:103)]]>
            </full-stacktrace>
          </exception> <!-- org.testng.SkipException -->
          <reporter-output>
          </reporter-output>
        </test-method> <!-- dologin -->
      </class> <!-- TestCases.LoginTest -->
    </test> <!-- Check Facebook1 -->
    <test name="Check Facebook2" duration-ms="21749" started-at="2020-06-04T11:57:57Z" finished-at="2020-06-04T11:58:19Z">
      <class name="TestCases.Searchfriends">
        <test-method status="PASS" signature="dologin(java.lang.String, java.lang.String)[pri:1, instance:TestCases.Searchfriends@3bf7ca37]" name="dologin" duration-ms="8240" started-at="2020-06-04T17:27:57Z" data-provider="getdata2" finished-at="2020-06-04T17:28:05Z">
          <params>
            <param index="0">
              <value>
                <![CDATA[pankajakha@gmail.com]]>
              </value>
            </param>
            <param index="1">
              <value>
                <![CDATA[swat92#]]>
              </value>
            </param>
          </params>
          <reporter-output>
          </reporter-output>
        </test-method> <!-- dologin -->
        <test-method status="PASS" signature="friends(java.lang.String)[pri:2, instance:TestCases.Searchfriends@3bf7ca37]" name="friends" duration-ms="2537" started-at="2020-06-04T17:28:05Z" data-provider="getvalue" finished-at="2020-06-04T17:28:08Z">
          <params>
            <param index="0">
              <value>
                <![CDATA[par]]>
              </value>
            </param>
          </params>
          <reporter-output>
          </reporter-output>
        </test-method> <!-- friends -->
        <test-method status="FAIL" signature="friends(java.lang.String)[pri:2, instance:TestCases.Searchfriends@3bf7ca37]" name="friends" duration-ms="10232" started-at="2020-06-04T17:28:08Z" data-provider="getvalue" finished-at="2020-06-04T17:28:18Z">
          <params>
            <param index="0">
              <value>
                <![CDATA[quw]]>
              </value>
            </param>
          </params>
          <exception class="java.lang.AssertionError">
            <message>
              <![CDATA[The following asserts failed:expected [true] but found [false]]]>
            </message>
            <full-stacktrace>
              <![CDATA[java.lang.AssertionError: The following asserts failed:expected [true] but found [false]at org.testng.asserts.SoftAssert.assertAll(SoftAssert.java:43)at TestCases.Searchfriends.friends(Searchfriends.java:34)at sun.reflect.NativeMethodAccessorImpl.invoke0(Native Method)at sun.reflect.NativeMethodAccessorImpl.invoke(NativeMethodAccessorImpl.java:62)at sun.reflect.DelegatingMethodAccessorImpl.invoke(DelegatingMethodAccessorImpl.java:43)at java.lang.reflect.Method.invoke(Method.java:498)at org.testng.internal.MethodInvocationHelper.invokeMethod(MethodInvocationHelper.java:124)at org.testng.internal.Invoker.invokeMethod(Invoker.java:571)at org.testng.internal.Invoker.invokeTestMethod(Invoker.java:707)at org.testng.internal.Invoker.invokeTestMethods(Invoker.java:979)at org.testng.internal.TestMethodWorker.invokeTestMethods(TestMethodWorker.java:125)at org.testng.internal.TestMethodWorker.run(TestMethodWorker.java:109)at org.testng.TestRunner.privateRun(TestRunner.java:648)at org.testng.TestRunner.run(TestRunner.java:505)at org.testng.SuiteRunner.runTest(SuiteRunner.java:455)at org.testng.SuiteRunner.runSequentially(SuiteRunner.java:450)at org.testng.SuiteRunner.privateRun(SuiteRunner.java:415)at org.testng.SuiteRunner.run(SuiteRunner.java:364)at org.testng.SuiteRunnerWorker.runSuite(SuiteRunnerWorker.java:52)at org.testng.SuiteRunnerWorker.run(SuiteRunnerWorker.java:84)at org.testng.TestNG.runSuitesSequentially(TestNG.java:1187)at org.testng.TestNG.runSuitesLocally(TestNG.java:1116)at org.testng.TestNG.runSuites(TestNG.java:1028)at org.testng.TestNG.run(TestNG.java:996)at org.apache.maven.surefire.testng.TestNGExecutor.run(TestNGExecutor.java:295)at org.apache.maven.surefire.testng.TestNGXmlTestSuite.execute(TestNGXmlTestSuite.java:84)at org.apache.maven.surefire.testng.TestNGProvider.invoke(TestNGProvider.java:90)at org.apache.maven.surefire.booter.ForkedBooter.invokeProviderInSameClassLoader(ForkedBooter.java:203)at org.apache.maven.surefire.booter.ForkedBooter.runSuitesInProcess(ForkedBooter.java:155)at org.apache.maven.surefire.booter.ForkedBooter.main(ForkedBooter.java:103)]]>
            </full-stacktrace>
          </exception> <!-- java.lang.AssertionError -->
          <reporter-output>
            <line>
              <![CDATA[Test Case : friends---The following asserts failed:expected [true] but found [false]]]>
            </line>
            <line>
              <![CDATA[<a target="_blank" href="C:\Users\pankaj\workspace\Pageobject\screenshot\friends_Thu_Jun_04_17_28_18_IST_2020.jpg">Screenshot Captured</a>]]>
            </line>
            <line>
              <![CDATA[<br>]]>
            </line>
            <line>
              <![CDATA[<a target="_blank" href="C:\Users\pankaj\workspace\Pageobject\screenshot\friends_Thu_Jun_04_17_28_18_IST_2020.jpg"><img src="C:\Users\pankaj\workspace\Pageobject\screenshot\friends_Thu_Jun_04_17_28_18_IST_2020.jpg" height=400 width=400></a>]]>
            </line>
          </reporter-output>
        </test-method> <!-- friends -->
      </class> <!-- TestCases.Searchfriends -->
    </test> <!-- Check Facebook2 -->
  </suite> <!-- Facebook Test -->
</testng-results>
