<!DOCTYPE html>

<html>
  <head>
  <meta charset='utf-8'>
  <title>TestNG reports</title>

    <link type="text/css" href="testng-reports.css" rel="stylesheet" />
    <script type="text/javascript" src="jquery-1.7.1.min.js"></script>
    <script type="text/javascript" src="testng-reports.js"></script>
    <script type="text/javascript" src="https://www.google.com/jsapi"></script>
    <script type='text/javascript'>
      google.load('visualization', '1', {packages:['table']});
      google.setOnLoadCallback(drawTable);
      var suiteTableInitFunctions = new Array();
      var suiteTableData = new Array();
    </script>
    <!--
      <script type="text/javascript" src="jquery-ui/js/jquery-ui-1.8.16.custom.min.js"></script>
     -->
  </head>

  <body>
    <div class="top-banner-root">
      <span class="top-banner-title-font">Test results</span>
      <br/>
      <span class="top-banner-font-1">1 suite, 3 failed tests</span>
    </div> <!-- top-banner-root -->
    <div class="navigator-root">
      <div class="navigator-suite-header">
        <span>All suites</span>
        <a href="#" class="collapse-all-link" title="Collapse/expand all the suites">
          <img class="collapse-all-icon" src="collapseall.gif">
          </img> <!-- collapse-all-icon -->
        </a> <!-- collapse-all-link -->
      </div> <!-- navigator-suite-header -->
      <div class="suite">
        <div class="rounded-window">
          <div class="suite-header light-rounded-window-top">
            <a href="#" class="navigator-link" panel-name="suite-Facebook_Test">
              <span class="suite-name border-failed">Facebook Test</span>
            </a> <!-- navigator-link -->
          </div> <!-- suite-header light-rounded-window-top -->
          <div class="navigator-suite-content">
            <div class="suite-section-title">
              <span>Info</span>
            </div> <!-- suite-section-title -->
            <div class="suite-section-content">
              <ul>
                <li>
                  <a href="#" class="navigator-link " panel-name="test-xml-Facebook_Test">
                    <span>C:\Users\pankaj\workspace\Pageobject\Runner\testng.xml</span>
                  </a> <!-- navigator-link  -->
                </li>
                <li>
                  <a href="#" class="navigator-link " panel-name="testlist-Facebook_Test">
                    <span class="test-stats">2 tests</span>
                  </a> <!-- navigator-link  -->
                </li>
                <li>
                  <a href="#" class="navigator-link " panel-name="group-Facebook_Test">
                    <span>0 groups</span>
                  </a> <!-- navigator-link  -->
                </li>
                <li>
                  <a href="#" class="navigator-link " panel-name="times-Facebook_Test">
                    <span>Times</span>
                  </a> <!-- navigator-link  -->
                </li>
                <li>
                  <a href="#" class="navigator-link " panel-name="reporter-Facebook_Test">
                    <span>Reporter output</span>
                  </a> <!-- navigator-link  -->
                </li>
                <li>
                  <a href="#" class="navigator-link " panel-name="ignored-methods-Facebook_Test">
                    <span>Ignored methods</span>
                  </a> <!-- navigator-link  -->
                </li>
                <li>
                  <a href="#" class="navigator-link " panel-name="chronological-Facebook_Test">
                    <span>Chronological view</span>
                  </a> <!-- navigator-link  -->
                </li>
              </ul>
            </div> <!-- suite-section-content -->
            <div class="result-section">
              <div class="suite-section-title">
                <span>Results</span>
              </div> <!-- suite-section-title -->
              <div class="suite-section-content">
                <ul>
                  <li>
                    <span class="method-stats">5 methods, 3 failed,  1 skipped,  1 passed</span>
                  </li>
                  <li>
                    <span class="method-list-title failed">Failed methods</span>
                    <span class="show-or-hide-methods failed">
                      <a href="#" panel-name="suite-Facebook_Test" class="hide-methods failed suite-Facebook_Test"> (hide)</a> <!-- hide-methods failed suite-Facebook_Test -->
                      <a href="#" panel-name="suite-Facebook_Test" class="show-methods failed suite-Facebook_Test"> (show)</a> <!-- show-methods failed suite-Facebook_Test -->
                    </span>
                    <div class="method-list-content failed suite-Facebook_Test">
                      <span>
                        <img width="3%" src="failed.png"/>
                        <a href="#" class="method navigator-link" panel-name="suite-Facebook_Test" title="TestCases.Searchfriends" hash-for-method="dologin(pankajakha@gmail.com, swat92#)">dologin(pankajakha@gmail.com, swat92#)</a> <!-- method navigator-link -->
                      </span>
                      <br/>
                      <span>
                        <img width="3%" src="failed.png"/>
                        <a href="#" class="method navigator-link" panel-name="suite-Facebook_Test" title="TestCases.Searchfriends" hash-for-method="friends(quw)">friends(quw)</a> <!-- method navigator-link -->
                      </span>
                      <br/>
                      <span>
                        <img width="3%" src="failed.png"/>
                        <a href="#" class="method navigator-link" panel-name="suite-Facebook_Test" title="TestCases.Searchfriends" hash-for-method="friends(par)">friends(par)</a> <!-- method navigator-link -->
                      </span>
                      <br/>
                    </div> <!-- method-list-content failed suite-Facebook_Test -->
                  </li>
                  <li>
                    <span class="method-list-title skipped">Skipped methods</span>
                    <span class="show-or-hide-methods skipped">
                      <a href="#" panel-name="suite-Facebook_Test" class="hide-methods skipped suite-Facebook_Test"> (hide)</a> <!-- hide-methods skipped suite-Facebook_Test -->
                      <a href="#" panel-name="suite-Facebook_Test" class="show-methods skipped suite-Facebook_Test"> (show)</a> <!-- show-methods skipped suite-Facebook_Test -->
                    </span>
                    <div class="method-list-content skipped suite-Facebook_Test">
                      <span>
                        <img width="3%" src="skipped.png"/>
                        <a href="#" class="method navigator-link" panel-name="suite-Facebook_Test" title="TestCases.LoginTest" hash-for-method="dologin(nitsysharma03@gmail.com, 7097097.0, N)">dologin(nitsysharma03@gmail.com, 7097097.0, N)</a> <!-- method navigator-link -->
                      </span>
                      <br/>
                    </div> <!-- method-list-content skipped suite-Facebook_Test -->
                  </li>
                  <li>
                    <span class="method-list-title passed">Passed methods</span>
                    <span class="show-or-hide-methods passed">
                      <a href="#" panel-name="suite-Facebook_Test" class="hide-methods passed suite-Facebook_Test"> (hide)</a> <!-- hide-methods passed suite-Facebook_Test -->
                      <a href="#" panel-name="suite-Facebook_Test" class="show-methods passed suite-Facebook_Test"> (show)</a> <!-- show-methods passed suite-Facebook_Test -->
                    </span>
                    <div class="method-list-content passed suite-Facebook_Test">
                      <span>
                        <img width="3%" src="passed.png"/>
                        <a href="#" class="method navigator-link" panel-name="suite-Facebook_Test" title="TestCases.LoginTest" hash-for-method="dologin(pankajakha@gmail.com, swat92#, Y)">dologin(pankajakha@gmail.com, swat92#, Y)</a> <!-- method navigator-link -->
                      </span>
                      <br/>
                    </div> <!-- method-list-content passed suite-Facebook_Test -->
                  </li>
                </ul>
              </div> <!-- suite-section-content -->
            </div> <!-- result-section -->
          </div> <!-- navigator-suite-content -->
        </div> <!-- rounded-window -->
      </div> <!-- suite -->
    </div> <!-- navigator-root -->
    <div class="wrapper">
      <div class="main-panel-root">
        <div panel-name="suite-Facebook_Test" class="panel Facebook_Test">
          <div class="suite-Facebook_Test-class-failed">
            <div class="main-panel-header rounded-window-top">
              <img src="failed.png"/>
              <span class="class-name">TestCases.Searchfriends</span>
            </div> <!-- main-panel-header rounded-window-top -->
            <div class="main-panel-content rounded-window-bottom">
              <div class="method">
                <div class="method-content">
                  <a name="dologin(pankajakha@gmail.com, swat92#)">
                  </a> <!-- dologin(pankajakha@gmail.com, swat92#) -->
                  <span class="method-name">dologin</span>
                  <span class="parameters">(pankajakha@gmail.com, swat92#)</span>
                  <div class="stack-trace">org.openqa.selenium.NoSuchElementException: no such element: Unable to locate element: {&quot;method&quot;:&quot;xpath&quot;,&quot;selector&quot;:&quot;//*[@id=&quot;email&quot;]&quot;}
  (Session info: chrome=83.0.4103.61)
For documentation on this error, please visit: https://www.seleniumhq.org/exceptions/no_such_element.html
Build info: version: &apos;3.141.59&apos;, revision: &apos;e82be7d358&apos;, time: &apos;2018-11-14T08:17:03&apos;
System info: host: &apos;PANKAJPC&apos;, ip: &apos;192.168.1.20&apos;, os.name: &apos;Windows 8.1&apos;, os.arch: &apos;amd64&apos;, os.version: &apos;6.3&apos;, java.version: &apos;1.8.0_144&apos;
Driver info: org.openqa.selenium.chrome.ChromeDriver
Capabilities {acceptInsecureCerts: false, browserName: chrome, browserVersion: 83.0.4103.61, chrome: {chromedriverVersion: 83.0.4103.39 (ccbf011cb2d2b..., userDataDir: C:\Users\pankaj\AppData\Loc...}, goog:chromeOptions: {debuggerAddress: localhost:58161}, javascriptEnabled: true, networkConnectionEnabled: false, pageLoadStrategy: normal, platform: WINDOWS, platformName: WINDOWS, proxy: Proxy(), setWindowRect: true, strictFileInteractability: false, timeouts: {implicit: 0, pageLoad: 300000, script: 30000}, unhandledPromptBehavior: dismiss and notify, webauthn:virtualAuthenticators: true}
Session ID: b17d9a17a93bdf482e1f4cdef5e8eaf3
*** Element info: {Using=xpath, value=//*[@id=&quot;email&quot;]}
	at org.openqa.selenium.remote.http.W3CHttpResponseCodec.createException(W3CHttpResponseCodec.java:187)
	at org.openqa.selenium.remote.http.W3CHttpResponseCodec.decode(W3CHttpResponseCodec.java:122)
	at org.openqa.selenium.remote.http.W3CHttpResponseCodec.decode(W3CHttpResponseCodec.java:49)
	at org.openqa.selenium.remote.HttpCommandExecutor.execute(HttpCommandExecutor.java:158)
	at org.openqa.selenium.remote.service.DriverCommandExecutor.execute(DriverCommandExecutor.java:83)
	at org.openqa.selenium.remote.RemoteWebDriver.execute(RemoteWebDriver.java:552)
	at org.openqa.selenium.remote.RemoteWebDriver.findElement(RemoteWebDriver.java:323)
	at org.openqa.selenium.remote.RemoteWebDriver.findElementByXPath(RemoteWebDriver.java:428)
	at org.openqa.selenium.By$ByXPath.findElement(By.java:353)
	at org.openqa.selenium.remote.RemoteWebDriver.findElement(RemoteWebDriver.java:315)
	at Way2auto.Pageobject.page.type(page.java:117)
	at Way2auto.Pageobject.Loginpage.login(Loginpage.java:23)
	at TestCases.Searchfriends.dologin(Searchfriends.java:45)
... Removed 29 stack frames
</div> <!-- stack-trace -->
                </div> <!-- method-content -->
              </div> <!-- method -->
              <div class="method">
                <div class="method-content">
                  <a name="friends(quw)">
                  </a> <!-- friends(quw) -->
                  <span class="method-name">friends</span>
                  <span class="parameters">(quw)</span>
                  <div class="stack-trace">org.openqa.selenium.NoSuchElementException: no such element: Unable to locate element: {&quot;method&quot;:&quot;xpath&quot;,&quot;selector&quot;:&quot;//span/input[@type=&quot;text&quot;][@class=&quot;inputtext&quot;]&quot;}
  (Session info: chrome=83.0.4103.61)
For documentation on this error, please visit: https://www.seleniumhq.org/exceptions/no_such_element.html
Build info: version: &apos;3.141.59&apos;, revision: &apos;e82be7d358&apos;, time: &apos;2018-11-14T08:17:03&apos;
System info: host: &apos;PANKAJPC&apos;, ip: &apos;192.168.1.20&apos;, os.name: &apos;Windows 8.1&apos;, os.arch: &apos;amd64&apos;, os.version: &apos;6.3&apos;, java.version: &apos;1.8.0_144&apos;
Driver info: org.openqa.selenium.chrome.ChromeDriver
Capabilities {acceptInsecureCerts: false, browserName: chrome, browserVersion: 83.0.4103.61, chrome: {chromedriverVersion: 83.0.4103.39 (ccbf011cb2d2b..., userDataDir: C:\Users\pankaj\AppData\Loc...}, goog:chromeOptions: {debuggerAddress: localhost:58161}, javascriptEnabled: true, networkConnectionEnabled: false, pageLoadStrategy: normal, platform: WINDOWS, platformName: WINDOWS, proxy: Proxy(), setWindowRect: true, strictFileInteractability: false, timeouts: {implicit: 0, pageLoad: 300000, script: 30000}, unhandledPromptBehavior: dismiss and notify, webauthn:virtualAuthenticators: true}
Session ID: b17d9a17a93bdf482e1f4cdef5e8eaf3
*** Element info: {Using=xpath, value=//span/input[@type=&quot;text&quot;][@class=&quot;inputtext&quot;]}
	at org.openqa.selenium.remote.http.W3CHttpResponseCodec.createException(W3CHttpResponseCodec.java:187)
	at org.openqa.selenium.remote.http.W3CHttpResponseCodec.decode(W3CHttpResponseCodec.java:122)
	at org.openqa.selenium.remote.http.W3CHttpResponseCodec.decode(W3CHttpResponseCodec.java:49)
	at org.openqa.selenium.remote.HttpCommandExecutor.execute(HttpCommandExecutor.java:158)
	at org.openqa.selenium.remote.service.DriverCommandExecutor.execute(DriverCommandExecutor.java:83)
	at org.openqa.selenium.remote.RemoteWebDriver.execute(RemoteWebDriver.java:552)
	at org.openqa.selenium.remote.RemoteWebDriver.findElement(RemoteWebDriver.java:323)
	at org.openqa.selenium.remote.RemoteWebDriver.findElementByXPath(RemoteWebDriver.java:428)
	at org.openqa.selenium.By$ByXPath.findElement(By.java:353)
	at org.openqa.selenium.remote.RemoteWebDriver.findElement(RemoteWebDriver.java:315)
	at Way2auto.Pageobject.page.type(page.java:117)
	at Way2auto.Pageobject.ProfilePage.searchresults(ProfilePage.java:62)
	at TestCases.Searchfriends.friends(Searchfriends.java:22)
... Removed 29 stack frames
</div> <!-- stack-trace -->
                </div> <!-- method-content -->
              </div> <!-- method -->
              <div class="method">
                <div class="method-content">
                  <a name="friends(par)">
                  </a> <!-- friends(par) -->
                  <span class="method-name">friends</span>
                  <span class="parameters">(par)</span>
                  <div class="stack-trace">org.openqa.selenium.NoSuchElementException: no such element: Unable to locate element: {&quot;method&quot;:&quot;xpath&quot;,&quot;selector&quot;:&quot;//span/input[@type=&quot;text&quot;][@class=&quot;inputtext&quot;]&quot;}
  (Session info: chrome=83.0.4103.61)
For documentation on this error, please visit: https://www.seleniumhq.org/exceptions/no_such_element.html
Build info: version: &apos;3.141.59&apos;, revision: &apos;e82be7d358&apos;, time: &apos;2018-11-14T08:17:03&apos;
System info: host: &apos;PANKAJPC&apos;, ip: &apos;192.168.1.20&apos;, os.name: &apos;Windows 8.1&apos;, os.arch: &apos;amd64&apos;, os.version: &apos;6.3&apos;, java.version: &apos;1.8.0_144&apos;
Driver info: org.openqa.selenium.chrome.ChromeDriver
Capabilities {acceptInsecureCerts: false, browserName: chrome, browserVersion: 83.0.4103.61, chrome: {chromedriverVersion: 83.0.4103.39 (ccbf011cb2d2b..., userDataDir: C:\Users\pankaj\AppData\Loc...}, goog:chromeOptions: {debuggerAddress: localhost:58161}, javascriptEnabled: true, networkConnectionEnabled: false, pageLoadStrategy: normal, platform: WINDOWS, platformName: WINDOWS, proxy: Proxy(), setWindowRect: true, strictFileInteractability: false, timeouts: {implicit: 0, pageLoad: 300000, script: 30000}, unhandledPromptBehavior: dismiss and notify, webauthn:virtualAuthenticators: true}
Session ID: b17d9a17a93bdf482e1f4cdef5e8eaf3
*** Element info: {Using=xpath, value=//span/input[@type=&quot;text&quot;][@class=&quot;inputtext&quot;]}
	at org.openqa.selenium.remote.http.W3CHttpResponseCodec.createException(W3CHttpResponseCodec.java:187)
	at org.openqa.selenium.remote.http.W3CHttpResponseCodec.decode(W3CHttpResponseCodec.java:122)
	at org.openqa.selenium.remote.http.W3CHttpResponseCodec.decode(W3CHttpResponseCodec.java:49)
	at org.openqa.selenium.remote.HttpCommandExecutor.execute(HttpCommandExecutor.java:158)
	at org.openqa.selenium.remote.service.DriverCommandExecutor.execute(DriverCommandExecutor.java:83)
	at org.openqa.selenium.remote.RemoteWebDriver.execute(RemoteWebDriver.java:552)
	at org.openqa.selenium.remote.RemoteWebDriver.findElement(RemoteWebDriver.java:323)
	at org.openqa.selenium.remote.RemoteWebDriver.findElementByXPath(RemoteWebDriver.java:428)
	at org.openqa.selenium.By$ByXPath.findElement(By.java:353)
	at org.openqa.selenium.remote.RemoteWebDriver.findElement(RemoteWebDriver.java:315)
	at Way2auto.Pageobject.page.type(page.java:117)
	at Way2auto.Pageobject.ProfilePage.searchresults(ProfilePage.java:62)
	at TestCases.Searchfriends.friends(Searchfriends.java:22)
... Removed 29 stack frames
</div> <!-- stack-trace -->
                </div> <!-- method-content -->
              </div> <!-- method -->
            </div> <!-- main-panel-content rounded-window-bottom -->
          </div> <!-- suite-Facebook_Test-class-failed -->
          <div class="suite-Facebook_Test-class-skipped">
            <div class="main-panel-header rounded-window-top">
              <img src="skipped.png"/>
              <span class="class-name">TestCases.LoginTest</span>
            </div> <!-- main-panel-header rounded-window-top -->
            <div class="main-panel-content rounded-window-bottom">
              <div class="method">
                <div class="method-content">
                  <a name="dologin(nitsysharma03@gmail.com, 7097097.0, N)">
                  </a> <!-- dologin(nitsysharma03@gmail.com, 7097097.0, N) -->
                  <span class="method-name">dologin</span>
                  <span class="parameters">(nitsysharma03@gmail.com, 7097097.0, N)</span>
                  <div class="stack-trace">org.testng.SkipException: Skipping this exception
	at TestCases.LoginTest.dologin(LoginTest.java:41)
... Removed 25 stack frames
</div> <!-- stack-trace -->
                </div> <!-- method-content -->
              </div> <!-- method -->
            </div> <!-- main-panel-content rounded-window-bottom -->
          </div> <!-- suite-Facebook_Test-class-skipped -->
          <div class="suite-Facebook_Test-class-passed">
            <div class="main-panel-header rounded-window-top">
              <img src="passed.png"/>
              <span class="class-name">TestCases.LoginTest</span>
            </div> <!-- main-panel-header rounded-window-top -->
            <div class="main-panel-content rounded-window-bottom">
              <div class="method">
                <div class="method-content">
                  <a name="dologin(pankajakha@gmail.com, swat92#, Y)">
                  </a> <!-- dologin(pankajakha@gmail.com, swat92#, Y) -->
                  <span class="method-name">dologin</span>
                  <span class="parameters">(pankajakha@gmail.com, swat92#, Y)</span>
                </div> <!-- method-content -->
              </div> <!-- method -->
            </div> <!-- main-panel-content rounded-window-bottom -->
          </div> <!-- suite-Facebook_Test-class-passed -->
        </div> <!-- panel Facebook_Test -->
        <div panel-name="test-xml-Facebook_Test" class="panel">
          <div class="main-panel-header rounded-window-top">
            <span class="header-content">C:\Users\pankaj\workspace\Pageobject\Runner\testng.xml</span>
          </div> <!-- main-panel-header rounded-window-top -->
          <div class="main-panel-content rounded-window-bottom">
            <pre>
&lt;?xml version=&quot;1.0&quot; encoding=&quot;UTF-8&quot;?&gt;
&lt;!DOCTYPE suite SYSTEM &quot;http://testng.org/testng-1.0.dtd&quot;&gt;
&lt;suite thread-count=&quot;-1&quot; guice-stage=&quot;DEVELOPMENT&quot; name=&quot;Facebook Test&quot;&gt;
  &lt;listeners&gt;
    &lt;listener class-name=&quot;TestCases.Customlisteners&quot;/&gt;
    &lt;listener class-name=&quot;org.uncommons.reportng.HTMLReporter&quot;/&gt;
  &lt;/listeners&gt;
  &lt;test name=&quot;Check Facebook1&quot;&gt;
    &lt;parameter name=&quot;browser&quot; value=&quot;chrome&quot;/&gt;
    &lt;classes&gt;
      &lt;class name=&quot;TestCases.LoginTest&quot;/&gt;
    &lt;/classes&gt;
  &lt;/test&gt; &lt;!-- Check Facebook1 --&gt;
  &lt;test name=&quot;Check Facebook2&quot;&gt;
    &lt;parameter name=&quot;browser&quot; value=&quot;chrome&quot;/&gt;
    &lt;classes&gt;
      &lt;class name=&quot;TestCases.Searchfriends&quot;/&gt;
    &lt;/classes&gt;
  &lt;/test&gt; &lt;!-- Check Facebook2 --&gt;
&lt;/suite&gt; &lt;!-- Facebook Test --&gt;
            </pre>
          </div> <!-- main-panel-content rounded-window-bottom -->
        </div> <!-- panel -->
        <div panel-name="testlist-Facebook_Test" class="panel">
          <div class="main-panel-header rounded-window-top">
            <span class="header-content">Tests for Facebook Test</span>
          </div> <!-- main-panel-header rounded-window-top -->
          <div class="main-panel-content rounded-window-bottom">
            <ul>
              <li>
                <span class="test-name">Check Facebook1 (1 class)</span>
              </li>
              <li>
                <span class="test-name">Check Facebook2 (1 class)</span>
              </li>
            </ul>
          </div> <!-- main-panel-content rounded-window-bottom -->
        </div> <!-- panel -->
        <div panel-name="group-Facebook_Test" class="panel">
          <div class="main-panel-header rounded-window-top">
            <span class="header-content">Groups for Facebook Test</span>
          </div> <!-- main-panel-header rounded-window-top -->
          <div class="main-panel-content rounded-window-bottom">
          </div> <!-- main-panel-content rounded-window-bottom -->
        </div> <!-- panel -->
        <div panel-name="times-Facebook_Test" class="panel">
          <div class="main-panel-header rounded-window-top">
            <span class="header-content">Times for Facebook Test</span>
          </div> <!-- main-panel-header rounded-window-top -->
          <div class="main-panel-content rounded-window-bottom">
            <div class="times-div">
              <script type="text/javascript">
suiteTableInitFunctions.push('tableData_Facebook_Test');
function tableData_Facebook_Test() {
var data = new google.visualization.DataTable();
data.addColumn('number', 'Number');
data.addColumn('string', 'Method');
data.addColumn('string', 'Class');
data.addColumn('number', 'Time (ms)');
data.addRows(5);
data.setCell(0, 0, 0)
data.setCell(0, 1, 'dologin')
data.setCell(0, 2, 'TestCases.Searchfriends')
data.setCell(0, 3, 10542);
data.setCell(1, 0, 1)
data.setCell(1, 1, 'friends')
data.setCell(1, 2, 'TestCases.Searchfriends')
data.setCell(1, 3, 10045);
data.setCell(2, 0, 2)
data.setCell(2, 1, 'friends')
data.setCell(2, 2, 'TestCases.Searchfriends')
data.setCell(2, 3, 10030);
data.setCell(3, 0, 3)
data.setCell(3, 1, 'dologin')
data.setCell(3, 2, 'TestCases.LoginTest')
data.setCell(3, 3, 8974);
data.setCell(4, 0, 4)
data.setCell(4, 1, 'dologin')
data.setCell(4, 2, 'TestCases.LoginTest')
data.setCell(4, 3, 3);
window.suiteTableData['Facebook_Test']= { tableData: data, tableDiv: 'times-div-Facebook_Test'}
return data;
}
              </script>
              <span class="suite-total-time">Total running time: 39 seconds</span>
              <div id="times-div-Facebook_Test">
              </div> <!-- times-div-Facebook_Test -->
            </div> <!-- times-div -->
          </div> <!-- main-panel-content rounded-window-bottom -->
        </div> <!-- panel -->
        <div panel-name="reporter-Facebook_Test" class="panel">
          <div class="main-panel-header rounded-window-top">
            <span class="header-content">Reporter output for Facebook Test</span>
          </div> <!-- main-panel-header rounded-window-top -->
          <div class="main-panel-content rounded-window-bottom">
            <div class="reporter-method-div">
              <span class="reporter-method-name">friends(quw)</span>
              <div class="reporter-method-output-div">
                <span class="reporter-method-output">Test Case : friends---no such element: Unable to locate element: {"method":"xpath","selector":"//span/input[@type="text"][@class="inputtext"]"}
  (Session info: chrome=83.0.4103.61)
For documentation on this error, please visit: https://www.seleniumhq.org/exceptions/no_such_element.html
Build info: version: '3.141.59', revision: 'e82be7d358', time: '2018-11-14T08:17:03'
System info: host: 'PANKAJPC', ip: '192.168.1.20', os.name: 'Windows 8.1', os.arch: 'amd64', os.version: '6.3', java.version: '1.8.0_144'
Driver info: org.openqa.selenium.chrome.ChromeDriver
Capabilities {acceptInsecureCerts: false, browserName: chrome, browserVersion: 83.0.4103.61, chrome: {chromedriverVersion: 83.0.4103.39 (ccbf011cb2d2b..., userDataDir: C:\Users\pankaj\AppData\Loc...}, goog:chromeOptions: {debuggerAddress: localhost:58161}, javascriptEnabled: true, networkConnectionEnabled: false, pageLoadStrategy: normal, platform: WINDOWS, platformName: WINDOWS, proxy: Proxy(), setWindowRect: true, strictFileInteractability: false, timeouts: {implicit: 0, pageLoad: 300000, script: 30000}, unhandledPromptBehavior: dismiss and notify, webauthn:virtualAuthenticators: true}
Session ID: b17d9a17a93bdf482e1f4cdef5e8eaf3
*** Element info: {Using=xpath, value=//span/input[@type="text"][@class="inputtext"]}</span>
                <span class="reporter-method-output"><a target="_blank" href="C:\Users\pankaj\workspace\Pageobject\screenshot\friends_Wed_Jun_03_10_43_29_IST_2020.jpg">Screenshot Captured</a></span>
                <span class="reporter-method-output"><br></span>
                <span class="reporter-method-output"><a target="_blank" href="C:\Users\pankaj\workspace\Pageobject\screenshot\friends_Wed_Jun_03_10_43_29_IST_2020.jpg"><img src="C:\Users\pankaj\workspace\Pageobject\screenshot\friends_Wed_Jun_03_10_43_29_IST_2020.jpg" height=400 width=400></a></span>
              </div> <!-- reporter-method-output-div -->
            </div> <!-- reporter-method-div -->
            <div class="reporter-method-div">
              <span class="reporter-method-name">friends(par)</span>
              <div class="reporter-method-output-div">
                <span class="reporter-method-output">Test Case : friends---no such element: Unable to locate element: {"method":"xpath","selector":"//span/input[@type="text"][@class="inputtext"]"}
  (Session info: chrome=83.0.4103.61)
For documentation on this error, please visit: https://www.seleniumhq.org/exceptions/no_such_element.html
Build info: version: '3.141.59', revision: 'e82be7d358', time: '2018-11-14T08:17:03'
System info: host: 'PANKAJPC', ip: '192.168.1.20', os.name: 'Windows 8.1', os.arch: 'amd64', os.version: '6.3', java.version: '1.8.0_144'
Driver info: org.openqa.selenium.chrome.ChromeDriver
Capabilities {acceptInsecureCerts: false, browserName: chrome, browserVersion: 83.0.4103.61, chrome: {chromedriverVersion: 83.0.4103.39 (ccbf011cb2d2b..., userDataDir: C:\Users\pankaj\AppData\Loc...}, goog:chromeOptions: {debuggerAddress: localhost:58161}, javascriptEnabled: true, networkConnectionEnabled: false, pageLoadStrategy: normal, platform: WINDOWS, platformName: WINDOWS, proxy: Proxy(), setWindowRect: true, strictFileInteractability: false, timeouts: {implicit: 0, pageLoad: 300000, script: 30000}, unhandledPromptBehavior: dismiss and notify, webauthn:virtualAuthenticators: true}
Session ID: b17d9a17a93bdf482e1f4cdef5e8eaf3
*** Element info: {Using=xpath, value=//span/input[@type="text"][@class="inputtext"]}</span>
                <span class="reporter-method-output"><a target="_blank" href="C:\Users\pankaj\workspace\Pageobject\screenshot\friends_Wed_Jun_03_10_43_19_IST_2020.jpg">Screenshot Captured</a></span>
                <span class="reporter-method-output"><br></span>
                <span class="reporter-method-output"><a target="_blank" href="C:\Users\pankaj\workspace\Pageobject\screenshot\friends_Wed_Jun_03_10_43_19_IST_2020.jpg"><img src="C:\Users\pankaj\workspace\Pageobject\screenshot\friends_Wed_Jun_03_10_43_19_IST_2020.jpg" height=400 width=400></a></span>
              </div> <!-- reporter-method-output-div -->
            </div> <!-- reporter-method-div -->
            <div class="reporter-method-div">
              <span class="reporter-method-name">dologin(pankajakha@gmail.com, swat92#)</span>
              <div class="reporter-method-output-div">
                <span class="reporter-method-output">Test Case : dologin---no such element: Unable to locate element: {"method":"xpath","selector":"//*[@id="email"]"}
  (Session info: chrome=83.0.4103.61)
For documentation on this error, please visit: https://www.seleniumhq.org/exceptions/no_such_element.html
Build info: version: '3.141.59', revision: 'e82be7d358', time: '2018-11-14T08:17:03'
System info: host: 'PANKAJPC', ip: '192.168.1.20', os.name: 'Windows 8.1', os.arch: 'amd64', os.version: '6.3', java.version: '1.8.0_144'
Driver info: org.openqa.selenium.chrome.ChromeDriver
Capabilities {acceptInsecureCerts: false, browserName: chrome, browserVersion: 83.0.4103.61, chrome: {chromedriverVersion: 83.0.4103.39 (ccbf011cb2d2b..., userDataDir: C:\Users\pankaj\AppData\Loc...}, goog:chromeOptions: {debuggerAddress: localhost:58161}, javascriptEnabled: true, networkConnectionEnabled: false, pageLoadStrategy: normal, platform: WINDOWS, platformName: WINDOWS, proxy: Proxy(), setWindowRect: true, strictFileInteractability: false, timeouts: {implicit: 0, pageLoad: 300000, script: 30000}, unhandledPromptBehavior: dismiss and notify, webauthn:virtualAuthenticators: true}
Session ID: b17d9a17a93bdf482e1f4cdef5e8eaf3
*** Element info: {Using=xpath, value=//*[@id="email"]}</span>
                <span class="reporter-method-output"><a target="_blank" href="C:\Users\pankaj\workspace\Pageobject\screenshot\dologin_Wed_Jun_03_10_43_08_IST_2020.jpg">Screenshot Captured</a></span>
                <span class="reporter-method-output"><br></span>
                <span class="reporter-method-output"><a target="_blank" href="C:\Users\pankaj\workspace\Pageobject\screenshot\dologin_Wed_Jun_03_10_43_08_IST_2020.jpg"><img src="C:\Users\pankaj\workspace\Pageobject\screenshot\dologin_Wed_Jun_03_10_43_08_IST_2020.jpg" height=400 width=400></a></span>
              </div> <!-- reporter-method-output-div -->
            </div> <!-- reporter-method-div -->
          </div> <!-- main-panel-content rounded-window-bottom -->
        </div> <!-- panel -->
        <div panel-name="ignored-methods-Facebook_Test" class="panel">
          <div class="main-panel-header rounded-window-top">
            <span class="header-content">0 ignored methods</span>
          </div> <!-- main-panel-header rounded-window-top -->
          <div class="main-panel-content rounded-window-bottom">
          </div> <!-- main-panel-content rounded-window-bottom -->
        </div> <!-- panel -->
        <div panel-name="chronological-Facebook_Test" class="panel">
          <div class="main-panel-header rounded-window-top">
            <span class="header-content">Methods in chronological order</span>
          </div> <!-- main-panel-header rounded-window-top -->
          <div class="main-panel-content rounded-window-bottom">
            <div class="chronological-class">
              <div class="chronological-class-name">TestCases.LoginTest</div> <!-- chronological-class-name -->
              <div class="test-method">
                <span class="method-name">dologin(pankajakha@gmail.com, swat92#, Y)</span>
                <span class="method-start">0 ms</span>
              </div> <!-- test-method -->
              <div class="test-method">
                <span class="method-name">dologin(nitsysharma03@gmail.com, 7097097.0, N)</span>
                <span class="method-start">8978 ms</span>
              </div> <!-- test-method -->
            </div> <!-- chronological-class -->
            <div class="chronological-class">
              <div class="chronological-class-name">TestCases.Searchfriends</div> <!-- chronological-class-name -->
              <div class="test-method">
                <img src="failed.png">
                </img>
                <span class="method-name">dologin(pankajakha@gmail.com, swat92#)</span>
                <span class="method-start">9023 ms</span>
              </div> <!-- test-method -->
              <div class="test-method">
                <img src="failed.png">
                </img>
                <span class="method-name">friends(par)</span>
                <span class="method-start">20296 ms</span>
              </div> <!-- test-method -->
              <div class="test-method">
                <img src="failed.png">
                </img>
                <span class="method-name">friends(quw)</span>
                <span class="method-start">30750 ms</span>
              </div> <!-- test-method -->
          </div> <!-- main-panel-content rounded-window-bottom -->
        </div> <!-- panel -->
      </div> <!-- main-panel-root -->
    </div> <!-- wrapper -->
  </body>
</html>
